<?xml version="1.0" encoding="UTF-8" ?>
<testsuite tests="1" failures="0" name="local.spring.axis.test.integration.ServiceManagedBySpringDISpec" time="0.034" errors="0" skipped="0">
  <properties>
    <property name="idea.version" value="2016.2"/>
    <property name="java.runtime.name" value="Java(TM) SE Runtime Environment"/>
    <property name="java.protocol.handler.pkgs" value="org.apache.axis.transport|"/>
    <property name="sun.boot.library.path" value="D:\Java\jdk1.8.0_101\jre\bin"/>
    <property name="java.vm.version" value="25.101-b13"/>
    <property name="java.vm.vendor" value="Oracle Corporation"/>
    <property name="java.vendor.url" value="http://java.oracle.com/"/>
    <property name="path.separator" value=";"/>
    <property name="java.vm.name" value="Java HotSpot(TM) 64-Bit Server VM"/>
    <property name="file.encoding.pkg" value="sun.io"/>
    <property name="user.script" value=""/>
    <property name="user.country" value="CN"/>
    <property name="sun.java.launcher" value="SUN_STANDARD"/>
    <property name="sun.os.patch.level" value=""/>
    <property name="java.vm.specification.name" value="Java Virtual Machine Specification"/>
    <property name="user.dir" value="E:\idea_spring_boot_room\spring-axis-1\spring-axis-1"/>
    <property name="PID" value="7404"/>
    <property name="java.runtime.version" value="1.8.0_101-b13"/>
    <property name="java.awt.graphicsenv" value="sun.awt.Win32GraphicsEnvironment"/>
    <property name="basedir" value="E:\idea_spring_boot_room\spring-axis-1\spring-axis-1"/>
    <property name="java.endorsed.dirs" value="D:\Java\jdk1.8.0_101\jre\lib\endorsed"/>
    <property name="os.arch" value="amd64"/>
    <property name="org.jboss.logging.provider" value="slf4j"/>
    <property name="surefire.real.class.path" value="C:\Users\admin\AppData\Local\Temp\surefirebooter442010799834600257.jar"/>
    <property name="java.io.tmpdir" value="C:\Users\admin\AppData\Local\Temp\"/>
    <property name="line.separator" value="
"/>
    <property name="java.vm.specification.vendor" value="Oracle Corporation"/>
    <property name="user.variant" value=""/>
    <property name="os.name" value="Windows 10"/>
    <property name="sun.jnu.encoding" value="GBK"/>
    <property name="java.library.path" value="D:\Java\jdk1.8.0_101\jre\bin;C:\WINDOWS\Sun\Java\bin;C:\WINDOWS\system32;C:\WINDOWS;C:\Program Files (x86)\Intel\iCLS Client\;C:\Program Files\Intel\iCLS Client\;C:\WINDOWS\system32;C:\WINDOWS;C:\WINDOWS\System32\Wbem;C:\WINDOWS\System32\WindowsPowerShell\v1.0\;C:\Program Files (x86)\Intel\Intel(R) Management Engine Components\DAL;C:\Program Files\Intel\Intel(R) Management Engine Components\DAL;C:\Program Files (x86)\Intel\Intel(R) Management Engine Components\IPT;C:\Program Files\Intel\Intel(R) Management Engine Components\IPT;C:\Program Files (x86)\ATI Technologies\ATI.ACE\Core-Static;D:\Java\jdk1.8.0_101\bin;D:\Java\jdk1.8.0_101\jre\bin;C:\Program Files\Intel\WiFi\bin\;C:\Program Files\Common Files\Intel\WirelessCommon\;C:\Program Files\Git\cmd;C:\Program Files\TortoiseGit\bin;C:\Users\admin\AppData\Local\Microsoft\WindowsApps;;."/>
    <property name="spring.beaninfo.ignore" value="true"/>
    <property name="surefire.test.class.path" value="E:\idea_spring_boot_room\spring-axis-1\spring-axis-1\target\test-classes;E:\idea_spring_boot_room\spring-axis-1\spring-axis-1\target\classes;D:\maven_set\repository\org\springframework\boot\spring-boot-starter-web\1.3.3.RELEASE\spring-boot-starter-web-1.3.3.RELEASE.jar;D:\maven_set\repository\org\springframework\boot\spring-boot-starter\1.3.3.RELEASE\spring-boot-starter-1.3.3.RELEASE.jar;D:\maven_set\repository\org\springframework\boot\spring-boot\1.3.3.RELEASE\spring-boot-1.3.3.RELEASE.jar;D:\maven_set\repository\org\springframework\boot\spring-boot-autoconfigure\1.3.3.RELEASE\spring-boot-autoconfigure-1.3.3.RELEASE.jar;D:\maven_set\repository\org\springframework\boot\spring-boot-starter-logging\1.3.3.RELEASE\spring-boot-starter-logging-1.3.3.RELEASE.jar;D:\maven_set\repository\ch\qos\logback\logback-classic\1.1.5\logback-classic-1.1.5.jar;D:\maven_set\repository\ch\qos\logback\logback-core\1.1.5\logback-core-1.1.5.jar;D:\maven_set\repository\org\slf4j\slf4j-api\1.7.16\slf4j-api-1.7.16.jar;D:\maven_set\repository\org\slf4j\jcl-over-slf4j\1.7.16\jcl-over-slf4j-1.7.16.jar;D:\maven_set\repository\org\slf4j\jul-to-slf4j\1.7.16\jul-to-slf4j-1.7.16.jar;D:\maven_set\repository\org\slf4j\log4j-over-slf4j\1.7.16\log4j-over-slf4j-1.7.16.jar;D:\maven_set\repository\org\yaml\snakeyaml\1.16\snakeyaml-1.16.jar;D:\maven_set\repository\org\springframework\boot\spring-boot-starter-tomcat\1.3.3.RELEASE\spring-boot-starter-tomcat-1.3.3.RELEASE.jar;D:\maven_set\repository\org\apache\tomcat\embed\tomcat-embed-core\8.0.32\tomcat-embed-core-8.0.32.jar;D:\maven_set\repository\org\apache\tomcat\embed\tomcat-embed-el\8.0.32\tomcat-embed-el-8.0.32.jar;D:\maven_set\repository\org\apache\tomcat\embed\tomcat-embed-logging-juli\8.0.32\tomcat-embed-logging-juli-8.0.32.jar;D:\maven_set\repository\org\apache\tomcat\embed\tomcat-embed-websocket\8.0.32\tomcat-embed-websocket-8.0.32.jar;D:\maven_set\repository\org\springframework\boot\spring-boot-starter-validation\1.3.3.RELEASE\spring-boot-starter-validation-1.3.3.RELEASE.jar;D:\maven_set\repository\org\hibernate\hibernate-validator\5.2.4.Final\hibernate-validator-5.2.4.Final.jar;D:\maven_set\repository\javax\validation\validation-api\1.1.0.Final\validation-api-1.1.0.Final.jar;D:\maven_set\repository\org\jboss\logging\jboss-logging\3.3.0.Final\jboss-logging-3.3.0.Final.jar;D:\maven_set\repository\com\fasterxml\classmate\1.1.0\classmate-1.1.0.jar;D:\maven_set\repository\com\fasterxml\jackson\core\jackson-databind\2.6.5\jackson-databind-2.6.5.jar;D:\maven_set\repository\com\fasterxml\jackson\core\jackson-annotations\2.6.5\jackson-annotations-2.6.5.jar;D:\maven_set\repository\com\fasterxml\jackson\core\jackson-core\2.6.5\jackson-core-2.6.5.jar;D:\maven_set\repository\org\springframework\spring-web\4.2.5.RELEASE\spring-web-4.2.5.RELEASE.jar;D:\maven_set\repository\org\springframework\spring-beans\4.2.5.RELEASE\spring-beans-4.2.5.RELEASE.jar;D:\maven_set\repository\org\springframework\spring-context\4.2.5.RELEASE\spring-context-4.2.5.RELEASE.jar;D:\maven_set\repository\org\springframework\spring-webmvc\4.2.5.RELEASE\spring-webmvc-4.2.5.RELEASE.jar;D:\maven_set\repository\org\springframework\spring-expression\4.2.5.RELEASE\spring-expression-4.2.5.RELEASE.jar;D:\maven_set\repository\org\springframework\boot\spring-boot-starter-security\1.3.3.RELEASE\spring-boot-starter-security-1.3.3.RELEASE.jar;D:\maven_set\repository\org\springframework\spring-aop\4.2.5.RELEASE\spring-aop-4.2.5.RELEASE.jar;D:\maven_set\repository\aopalliance\aopalliance\1.0\aopalliance-1.0.jar;D:\maven_set\repository\org\springframework\security\spring-security-config\4.0.3.RELEASE\spring-security-config-4.0.3.RELEASE.jar;D:\maven_set\repository\org\springframework\security\spring-security-core\4.0.3.RELEASE\spring-security-core-4.0.3.RELEASE.jar;D:\maven_set\repository\org\springframework\security\spring-security-web\4.0.3.RELEASE\spring-security-web-4.0.3.RELEASE.jar;D:\maven_set\repository\org\apache\axis\axis\1.4\axis-1.4.jar;D:\maven_set\repository\commons-discovery\commons-discovery\0.5\commons-discovery-0.5.jar;D:\maven_set\repository\commons-logging\commons-logging\1.1.1\commons-logging-1.1.1.jar;D:\maven_set\repository\javax\xml\jaxrpc-api\1.1\jaxrpc-api-1.1.jar;D:\maven_set\repository\wsdl4j\wsdl4j\1.5.1\wsdl4j-1.5.1.jar;D:\maven_set\repository\org\springframework\boot\spring-boot-starter-test\1.3.3.RELEASE\spring-boot-starter-test-1.3.3.RELEASE.jar;D:\maven_set\repository\junit\junit\4.12\junit-4.12.jar;D:\maven_set\repository\org\mockito\mockito-core\1.10.19\mockito-core-1.10.19.jar;D:\maven_set\repository\org\objenesis\objenesis\2.1\objenesis-2.1.jar;D:\maven_set\repository\org\hamcrest\hamcrest-core\1.3\hamcrest-core-1.3.jar;D:\maven_set\repository\org\hamcrest\hamcrest-library\1.3\hamcrest-library-1.3.jar;D:\maven_set\repository\org\springframework\spring-core\4.2.5.RELEASE\spring-core-4.2.5.RELEASE.jar;D:\maven_set\repository\org\springframework\spring-test\4.2.5.RELEASE\spring-test-4.2.5.RELEASE.jar;D:\maven_set\repository\org\spockframework\spock-spring\1.0-groovy-2.4\spock-spring-1.0-groovy-2.4.jar;D:\maven_set\repository\org\spockframework\spock-core\1.0-groovy-2.4\spock-core-1.0-groovy-2.4.jar;D:\maven_set\repository\org\codehaus\groovy\groovy-all\2.4.1\groovy-all-2.4.1.jar;D:\maven_set\repository\org\apache\httpcomponents\httpclient\4.5.1\httpclient-4.5.1.jar;D:\maven_set\repository\org\apache\httpcomponents\httpcore\4.4.4\httpcore-4.4.4.jar;D:\maven_set\repository\commons-codec\commons-codec\1.9\commons-codec-1.9.jar;D:\maven_set\repository\org\apache\httpcomponents\fluent-hc\4.5.1\fluent-hc-4.5.1.jar;"/>
    <property name="java.specification.name" value="Java Platform API Specification"/>
    <property name="java.class.version" value="52.0"/>
    <property name="sun.management.compiler" value="HotSpot 64-Bit Tiered Compilers"/>
    <property name="maven.repo.local" value="D:\maven_set\repository"/>
    <property name="os.version" value="10.0"/>
    <property name="user.home" value="C:\Users\admin"/>
    <property name="axis.EngineConfigFactory" value="local.axis.EngineConfigurationFactory"/>
    <property name="user.timezone" value="Asia/Shanghai"/>
    <property name="catalina.useNaming" value="false"/>
    <property name="java.awt.printerjob" value="sun.awt.windows.WPrinterJob"/>
    <property name="java.specification.version" value="1.8"/>
    <property name="file.encoding" value="GBK"/>
    <property name="catalina.home" value="C:\Users\admin\AppData\Local\Temp\tomcat.7935044381244790153.0"/>
    <property name="user.name" value="admin"/>
    <property name="java.class.path" value="E:\idea_spring_boot_room\spring-axis-1\spring-axis-1\target\test-classes;E:\idea_spring_boot_room\spring-axis-1\spring-axis-1\target\classes;D:\maven_set\repository\org\springframework\boot\spring-boot-starter-web\1.3.3.RELEASE\spring-boot-starter-web-1.3.3.RELEASE.jar;D:\maven_set\repository\org\springframework\boot\spring-boot-starter\1.3.3.RELEASE\spring-boot-starter-1.3.3.RELEASE.jar;D:\maven_set\repository\org\springframework\boot\spring-boot\1.3.3.RELEASE\spring-boot-1.3.3.RELEASE.jar;D:\maven_set\repository\org\springframework\boot\spring-boot-autoconfigure\1.3.3.RELEASE\spring-boot-autoconfigure-1.3.3.RELEASE.jar;D:\maven_set\repository\org\springframework\boot\spring-boot-starter-logging\1.3.3.RELEASE\spring-boot-starter-logging-1.3.3.RELEASE.jar;D:\maven_set\repository\ch\qos\logback\logback-classic\1.1.5\logback-classic-1.1.5.jar;D:\maven_set\repository\ch\qos\logback\logback-core\1.1.5\logback-core-1.1.5.jar;D:\maven_set\repository\org\slf4j\slf4j-api\1.7.16\slf4j-api-1.7.16.jar;D:\maven_set\repository\org\slf4j\jcl-over-slf4j\1.7.16\jcl-over-slf4j-1.7.16.jar;D:\maven_set\repository\org\slf4j\jul-to-slf4j\1.7.16\jul-to-slf4j-1.7.16.jar;D:\maven_set\repository\org\slf4j\log4j-over-slf4j\1.7.16\log4j-over-slf4j-1.7.16.jar;D:\maven_set\repository\org\yaml\snakeyaml\1.16\snakeyaml-1.16.jar;D:\maven_set\repository\org\springframework\boot\spring-boot-starter-tomcat\1.3.3.RELEASE\spring-boot-starter-tomcat-1.3.3.RELEASE.jar;D:\maven_set\repository\org\apache\tomcat\embed\tomcat-embed-core\8.0.32\tomcat-embed-core-8.0.32.jar;D:\maven_set\repository\org\apache\tomcat\embed\tomcat-embed-el\8.0.32\tomcat-embed-el-8.0.32.jar;D:\maven_set\repository\org\apache\tomcat\embed\tomcat-embed-logging-juli\8.0.32\tomcat-embed-logging-juli-8.0.32.jar;D:\maven_set\repository\org\apache\tomcat\embed\tomcat-embed-websocket\8.0.32\tomcat-embed-websocket-8.0.32.jar;D:\maven_set\repository\org\springframework\boot\spring-boot-starter-validation\1.3.3.RELEASE\spring-boot-starter-validation-1.3.3.RELEASE.jar;D:\maven_set\repository\org\hibernate\hibernate-validator\5.2.4.Final\hibernate-validator-5.2.4.Final.jar;D:\maven_set\repository\javax\validation\validation-api\1.1.0.Final\validation-api-1.1.0.Final.jar;D:\maven_set\repository\org\jboss\logging\jboss-logging\3.3.0.Final\jboss-logging-3.3.0.Final.jar;D:\maven_set\repository\com\fasterxml\classmate\1.1.0\classmate-1.1.0.jar;D:\maven_set\repository\com\fasterxml\jackson\core\jackson-databind\2.6.5\jackson-databind-2.6.5.jar;D:\maven_set\repository\com\fasterxml\jackson\core\jackson-annotations\2.6.5\jackson-annotations-2.6.5.jar;D:\maven_set\repository\com\fasterxml\jackson\core\jackson-core\2.6.5\jackson-core-2.6.5.jar;D:\maven_set\repository\org\springframework\spring-web\4.2.5.RELEASE\spring-web-4.2.5.RELEASE.jar;D:\maven_set\repository\org\springframework\spring-beans\4.2.5.RELEASE\spring-beans-4.2.5.RELEASE.jar;D:\maven_set\repository\org\springframework\spring-context\4.2.5.RELEASE\spring-context-4.2.5.RELEASE.jar;D:\maven_set\repository\org\springframework\spring-webmvc\4.2.5.RELEASE\spring-webmvc-4.2.5.RELEASE.jar;D:\maven_set\repository\org\springframework\spring-expression\4.2.5.RELEASE\spring-expression-4.2.5.RELEASE.jar;D:\maven_set\repository\org\springframework\boot\spring-boot-starter-security\1.3.3.RELEASE\spring-boot-starter-security-1.3.3.RELEASE.jar;D:\maven_set\repository\org\springframework\spring-aop\4.2.5.RELEASE\spring-aop-4.2.5.RELEASE.jar;D:\maven_set\repository\aopalliance\aopalliance\1.0\aopalliance-1.0.jar;D:\maven_set\repository\org\springframework\security\spring-security-config\4.0.3.RELEASE\spring-security-config-4.0.3.RELEASE.jar;D:\maven_set\repository\org\springframework\security\spring-security-core\4.0.3.RELEASE\spring-security-core-4.0.3.RELEASE.jar;D:\maven_set\repository\org\springframework\security\spring-security-web\4.0.3.RELEASE\spring-security-web-4.0.3.RELEASE.jar;D:\maven_set\repository\org\apache\axis\axis\1.4\axis-1.4.jar;D:\maven_set\repository\commons-discovery\commons-discovery\0.5\commons-discovery-0.5.jar;D:\maven_set\repository\commons-logging\commons-logging\1.1.1\commons-logging-1.1.1.jar;D:\maven_set\repository\javax\xml\jaxrpc-api\1.1\jaxrpc-api-1.1.jar;D:\maven_set\repository\wsdl4j\wsdl4j\1.5.1\wsdl4j-1.5.1.jar;D:\maven_set\repository\org\springframework\boot\spring-boot-starter-test\1.3.3.RELEASE\spring-boot-starter-test-1.3.3.RELEASE.jar;D:\maven_set\repository\junit\junit\4.12\junit-4.12.jar;D:\maven_set\repository\org\mockito\mockito-core\1.10.19\mockito-core-1.10.19.jar;D:\maven_set\repository\org\objenesis\objenesis\2.1\objenesis-2.1.jar;D:\maven_set\repository\org\hamcrest\hamcrest-core\1.3\hamcrest-core-1.3.jar;D:\maven_set\repository\org\hamcrest\hamcrest-library\1.3\hamcrest-library-1.3.jar;D:\maven_set\repository\org\springframework\spring-core\4.2.5.RELEASE\spring-core-4.2.5.RELEASE.jar;D:\maven_set\repository\org\springframework\spring-test\4.2.5.RELEASE\spring-test-4.2.5.RELEASE.jar;D:\maven_set\repository\org\spockframework\spock-spring\1.0-groovy-2.4\spock-spring-1.0-groovy-2.4.jar;D:\maven_set\repository\org\spockframework\spock-core\1.0-groovy-2.4\spock-core-1.0-groovy-2.4.jar;D:\maven_set\repository\org\codehaus\groovy\groovy-all\2.4.1\groovy-all-2.4.1.jar;D:\maven_set\repository\org\apache\httpcomponents\httpclient\4.5.1\httpclient-4.5.1.jar;D:\maven_set\repository\org\apache\httpcomponents\httpcore\4.4.4\httpcore-4.4.4.jar;D:\maven_set\repository\commons-codec\commons-codec\1.9\commons-codec-1.9.jar;D:\maven_set\repository\org\apache\httpcomponents\fluent-hc\4.5.1\fluent-hc-4.5.1.jar;"/>
    <property name="java.vm.specification.version" value="1.8"/>
    <property name="sun.arch.data.model" value="64"/>
    <property name="java.home" value="D:\Java\jdk1.8.0_101\jre"/>
    <property name="sun.java.command" value="C:\Users\admin\AppData\Local\Temp\surefirebooter442010799834600257.jar C:\Users\admin\AppData\Local\Temp\surefire5086678762273722802tmp C:\Users\admin\AppData\Local\Temp\surefire231671636760245656tmp"/>
    <property name="java.specification.vendor" value="Oracle Corporation"/>
    <property name="user.language" value="zh"/>
    <property name="awt.toolkit" value="sun.awt.windows.WToolkit"/>
    <property name="java.vm.info" value="mixed mode"/>
    <property name="java.version" value="1.8.0_101"/>
    <property name="java.ext.dirs" value="D:\Java\jdk1.8.0_101\jre\lib\ext;C:\WINDOWS\Sun\Java\lib\ext"/>
    <property name="sun.boot.class.path" value="D:\Java\jdk1.8.0_101\jre\lib\resources.jar;D:\Java\jdk1.8.0_101\jre\lib\rt.jar;D:\Java\jdk1.8.0_101\jre\lib\sunrsasign.jar;D:\Java\jdk1.8.0_101\jre\lib\jsse.jar;D:\Java\jdk1.8.0_101\jre\lib\jce.jar;D:\Java\jdk1.8.0_101\jre\lib\charsets.jar;D:\Java\jdk1.8.0_101\jre\lib\jfr.jar;D:\Java\jdk1.8.0_101\jre\classes"/>
    <property name="java.vendor" value="Oracle Corporation"/>
    <property name="java.awt.headless" value="true"/>
    <property name="catalina.base" value="C:\Users\admin\AppData\Local\Temp\tomcat.7935044381244790153.0"/>
    <property name="localRepository" value="D:\maven_set\repository"/>
    <property name="file.separator" value="\"/>
    <property name="java.vendor.url.bug" value="http://bugreport.sun.com/bugreport/"/>
    <property name="sun.cpu.endian" value="little"/>
    <property name="sun.io.unicode.encoding" value="UnicodeLittle"/>
    <property name="sun.desktop" value="windows"/>
    <property name="sun.cpu.isalist" value="amd64"/>
  </properties>
  <testcase classname="local.spring.axis.test.integration.ServiceManagedBySpringDISpec" name="calling helloWorld method of service-managed-by-spring-di service should return hello world" time="0.022"/>
</testsuite>